<?xml version="1.0" encoding="UTF-8"?>
<testsuite xmlns:xsi="http://www.w3.org/2001/XMLSchema-instance" xsi:noNamespaceSchemaLocation="https://maven.apache.org/surefire/maven-surefire-plugin/xsd/surefire-test-report.xsd" name="TestSuite" time="131.596" tests="36" errors="0" skipped="0" failures="0">
  <properties>
    <property name="sun.desktop" value="windows"/>
    <property name="awt.toolkit" value="sun.awt.windows.WToolkit"/>
    <property name="file.encoding.pkg" value="sun.io"/>
    <property name="java.specification.version" value="1.8"/>
    <property name="sun.cpu.isalist" value="amd64"/>
    <property name="sun.jnu.encoding" value="Cp1251"/>
    <property name="java.class.path" value="C:\Users\Aleksandr\.m2\repository\org\apache\maven\surefire\surefire-booter\2.20.1\surefire-booter-2.20.1.jar;C:\Users\Aleksandr\.m2\repository\org\apache\maven\surefire\surefire-api\2.20.1\surefire-api-2.20.1.jar;C:\Users\Aleksandr\.m2\repository\org\apache\maven\surefire\surefire-logger-api\2.20.1\surefire-logger-api-2.20.1.jar;C:\AND\testIssue\target\test-classes;C:\AND\testIssue\target\classes;C:\Users\Aleksandr\.m2\repository\org\seleniumhq\selenium\selenium-java\3.141.59\selenium-java-3.141.59.jar;C:\Users\Aleksandr\.m2\repository\org\seleniumhq\selenium\selenium-api\3.141.59\selenium-api-3.141.59.jar;C:\Users\Aleksandr\.m2\repository\org\seleniumhq\selenium\selenium-chrome-driver\3.141.59\selenium-chrome-driver-3.141.59.jar;C:\Users\Aleksandr\.m2\repository\org\seleniumhq\selenium\selenium-edge-driver\3.141.59\selenium-edge-driver-3.141.59.jar;C:\Users\Aleksandr\.m2\repository\org\seleniumhq\selenium\selenium-firefox-driver\3.141.59\selenium-firefox-driver-3.141.59.jar;C:\Users\Aleksandr\.m2\repository\org\seleniumhq\selenium\selenium-ie-driver\3.141.59\selenium-ie-driver-3.141.59.jar;C:\Users\Aleksandr\.m2\repository\org\seleniumhq\selenium\selenium-opera-driver\3.141.59\selenium-opera-driver-3.141.59.jar;C:\Users\Aleksandr\.m2\repository\org\seleniumhq\selenium\selenium-remote-driver\3.141.59\selenium-remote-driver-3.141.59.jar;C:\Users\Aleksandr\.m2\repository\org\seleniumhq\selenium\selenium-safari-driver\3.141.59\selenium-safari-driver-3.141.59.jar;C:\Users\Aleksandr\.m2\repository\org\seleniumhq\selenium\selenium-support\3.141.59\selenium-support-3.141.59.jar;C:\Users\Aleksandr\.m2\repository\net\bytebuddy\byte-buddy\1.8.15\byte-buddy-1.8.15.jar;C:\Users\Aleksandr\.m2\repository\org\apache\commons\commons-exec\1.3\commons-exec-1.3.jar;C:\Users\Aleksandr\.m2\repository\com\google\guava\guava\25.0-jre\guava-25.0-jre.jar;C:\Users\Aleksandr\.m2\repository\com\google\code\findbugs\jsr305\1.3.9\jsr305-1.3.9.jar;C:\Users\Aleksandr\.m2\repository\org\checkerframework\checker-compat-qual\2.0.0\checker-compat-qual-2.0.0.jar;C:\Users\Aleksandr\.m2\repository\com\google\errorprone\error_prone_annotations\2.1.3\error_prone_annotations-2.1.3.jar;C:\Users\Aleksandr\.m2\repository\com\google\j2objc\j2objc-annotations\1.1\j2objc-annotations-1.1.jar;C:\Users\Aleksandr\.m2\repository\org\codehaus\mojo\animal-sniffer-annotations\1.14\animal-sniffer-annotations-1.14.jar;C:\Users\Aleksandr\.m2\repository\com\squareup\okhttp3\okhttp\3.11.0\okhttp-3.11.0.jar;C:\Users\Aleksandr\.m2\repository\com\squareup\okio\okio\1.14.0\okio-1.14.0.jar;C:\Users\Aleksandr\.m2\repository\org\testng\testng\7.0.0\testng-7.0.0.jar;C:\Users\Aleksandr\.m2\repository\com\beust\jcommander\1.72\jcommander-1.72.jar;C:\Users\Aleksandr\.m2\repository\org\apache\logging\log4j\log4j-api\2.13.0\log4j-api-2.13.0.jar;C:\Users\Aleksandr\.m2\repository\org\apache\logging\log4j\log4j-core\2.13.0\log4j-core-2.13.0.jar;C:\Users\Aleksandr\.m2\repository\org\projectlombok\lombok\1.16.14\lombok-1.16.14.jar;C:\Users\Aleksandr\.m2\repository\com\opencsv\opencsv\5.0\opencsv-5.0.jar;C:\Users\Aleksandr\.m2\repository\org\apache\commons\commons-lang3\3.9\commons-lang3-3.9.jar;C:\Users\Aleksandr\.m2\repository\org\apache\commons\commons-text\1.7\commons-text-1.7.jar;C:\Users\Aleksandr\.m2\repository\commons-beanutils\commons-beanutils\1.9.4\commons-beanutils-1.9.4.jar;C:\Users\Aleksandr\.m2\repository\commons-logging\commons-logging\1.2\commons-logging-1.2.jar;C:\Users\Aleksandr\.m2\repository\commons-collections\commons-collections\3.2.2\commons-collections-3.2.2.jar;C:\Users\Aleksandr\.m2\repository\org\apache\commons\commons-collections4\4.4\commons-collections4-4.4.jar;C:\Users\Aleksandr\.m2\repository\commons-io\commons-io\2.6\commons-io-2.6.jar;C:\Users\Aleksandr\.m2\repository\org\slf4j\slf4j-simple\1.6.1\slf4j-simple-1.6.1.jar;C:\Users\Aleksandr\.m2\repository\org\slf4j\slf4j-api\1.6.1\slf4j-api-1.6.1.jar;C:\Users\Aleksandr\.m2\repository\io\qameta\allure\allure-testng\2.6.0\allure-testng-2.6.0.jar;C:\Users\Aleksandr\.m2\repository\io\qameta\allure\allure-descriptions-javadoc\2.6.0\allure-descriptions-javadoc-2.6.0.jar;C:\Users\Aleksandr\.m2\repository\io\qameta\allure\allure-java-commons\2.6.0\allure-java-commons-2.6.0.jar;C:\Users\Aleksandr\.m2\repository\io\qameta\allure\allure2-model-api\1.0-BETA6\allure2-model-api-1.0-BETA6.jar;C:\Users\Aleksandr\.m2\repository\io\qameta\allure\allure2-model-pojo\1.0-BETA6\allure2-model-pojo-1.0-BETA6.jar;C:\Users\Aleksandr\.m2\repository\org\apache\tika\tika-core\1.14\tika-core-1.14.jar;C:\Users\Aleksandr\.m2\repository\io\qameta\allure\allure2-model-jackson\1.0-BETA6\allure2-model-jackson-1.0-BETA6.jar;C:\Users\Aleksandr\.m2\repository\com\fasterxml\jackson\core\jackson-databind\2.7.0\jackson-databind-2.7.0.jar;C:\Users\Aleksandr\.m2\repository\com\fasterxml\jackson\core\jackson-annotations\2.7.0\jackson-annotations-2.7.0.jar;C:\Users\Aleksandr\.m2\repository\com\fasterxml\jackson\core\jackson-core\2.7.0\jackson-core-2.7.0.jar;C:\Users\Aleksandr\.m2\repository\com\fasterxml\jackson\module\jackson-module-jaxb-annotations\2.7.0\jackson-module-jaxb-annotations-2.7.0.jar;C:\Users\Aleksandr\.m2\repository\org\aspectj\aspectjrt\1.8.10\aspectjrt-1.8.10.jar;C:\Users\Aleksandr\.m2\repository\org\jooq\joor\0.9.6\joor-0.9.6.jar;C:\Users\Aleksandr\.m2\repository\org\apache\maven\surefire\surefire-testng-utils\2.20.1\surefire-testng-utils-2.20.1.jar;C:\Users\Aleksandr\.m2\repository\org\apache\maven\surefire\surefire-grouper\2.20.1\surefire-grouper-2.20.1.jar;C:\Users\Aleksandr\.m2\repository\org\apache\maven\surefire\surefire-testng\2.20.1\surefire-testng-2.20.1.jar;C:\Users\Aleksandr\.m2\repository\org\apache\maven\surefire\common-java5\2.20.1\common-java5-2.20.1.jar;C:\Users\Aleksandr\.m2\repository/org/aspectj/aspectjweaver/1.8.10/aspectjweaver-1.8.10.jar"/>
    <property name="java.vm.vendor" value="Oracle Corporation"/>
    <property name="sun.arch.data.model" value="64"/>
    <property name="user.variant" value=""/>
    <property name="java.vendor.url" value="http://java.oracle.com/"/>
    <property name="user.timezone" value=""/>
    <property name="java.vm.specification.version" value="1.8"/>
    <property name="os.name" value="Windows 10"/>
    <property name="user.country" value="US"/>
    <property name="sun.java.launcher" value="SUN_STANDARD"/>
    <property name="sun.boot.library.path" value="C:\Program Files\Java\jdk1.8.0_221\jre\bin"/>
    <property name="sun.java.command" value="org.apache.maven.surefire.booter.ForkedBooter C:\Users\Aleksandr\AppData\Local\Temp\surefire5504633555441059842 2020-06-13T16-19-44_501-jvmRun1 surefire839996830782200751tmp surefire_08178315973737298092tmp"/>
    <property name="surefire.test.class.path" value="C:\AND\testIssue\target\test-classes;C:\AND\testIssue\target\classes;C:\Users\Aleksandr\.m2\repository\org\seleniumhq\selenium\selenium-java\3.141.59\selenium-java-3.141.59.jar;C:\Users\Aleksandr\.m2\repository\org\seleniumhq\selenium\selenium-api\3.141.59\selenium-api-3.141.59.jar;C:\Users\Aleksandr\.m2\repository\org\seleniumhq\selenium\selenium-chrome-driver\3.141.59\selenium-chrome-driver-3.141.59.jar;C:\Users\Aleksandr\.m2\repository\org\seleniumhq\selenium\selenium-edge-driver\3.141.59\selenium-edge-driver-3.141.59.jar;C:\Users\Aleksandr\.m2\repository\org\seleniumhq\selenium\selenium-firefox-driver\3.141.59\selenium-firefox-driver-3.141.59.jar;C:\Users\Aleksandr\.m2\repository\org\seleniumhq\selenium\selenium-ie-driver\3.141.59\selenium-ie-driver-3.141.59.jar;C:\Users\Aleksandr\.m2\repository\org\seleniumhq\selenium\selenium-opera-driver\3.141.59\selenium-opera-driver-3.141.59.jar;C:\Users\Aleksandr\.m2\repository\org\seleniumhq\selenium\selenium-remote-driver\3.141.59\selenium-remote-driver-3.141.59.jar;C:\Users\Aleksandr\.m2\repository\org\seleniumhq\selenium\selenium-safari-driver\3.141.59\selenium-safari-driver-3.141.59.jar;C:\Users\Aleksandr\.m2\repository\org\seleniumhq\selenium\selenium-support\3.141.59\selenium-support-3.141.59.jar;C:\Users\Aleksandr\.m2\repository\net\bytebuddy\byte-buddy\1.8.15\byte-buddy-1.8.15.jar;C:\Users\Aleksandr\.m2\repository\org\apache\commons\commons-exec\1.3\commons-exec-1.3.jar;C:\Users\Aleksandr\.m2\repository\com\google\guava\guava\25.0-jre\guava-25.0-jre.jar;C:\Users\Aleksandr\.m2\repository\com\google\code\findbugs\jsr305\1.3.9\jsr305-1.3.9.jar;C:\Users\Aleksandr\.m2\repository\org\checkerframework\checker-compat-qual\2.0.0\checker-compat-qual-2.0.0.jar;C:\Users\Aleksandr\.m2\repository\com\google\errorprone\error_prone_annotations\2.1.3\error_prone_annotations-2.1.3.jar;C:\Users\Aleksandr\.m2\repository\com\google\j2objc\j2objc-annotations\1.1\j2objc-annotations-1.1.jar;C:\Users\Aleksandr\.m2\repository\org\codehaus\mojo\animal-sniffer-annotations\1.14\animal-sniffer-annotations-1.14.jar;C:\Users\Aleksandr\.m2\repository\com\squareup\okhttp3\okhttp\3.11.0\okhttp-3.11.0.jar;C:\Users\Aleksandr\.m2\repository\com\squareup\okio\okio\1.14.0\okio-1.14.0.jar;C:\Users\Aleksandr\.m2\repository\org\testng\testng\7.0.0\testng-7.0.0.jar;C:\Users\Aleksandr\.m2\repository\com\beust\jcommander\1.72\jcommander-1.72.jar;C:\Users\Aleksandr\.m2\repository\org\apache\logging\log4j\log4j-api\2.13.0\log4j-api-2.13.0.jar;C:\Users\Aleksandr\.m2\repository\org\apache\logging\log4j\log4j-core\2.13.0\log4j-core-2.13.0.jar;C:\Users\Aleksandr\.m2\repository\org\projectlombok\lombok\1.16.14\lombok-1.16.14.jar;C:\Users\Aleksandr\.m2\repository\com\opencsv\opencsv\5.0\opencsv-5.0.jar;C:\Users\Aleksandr\.m2\repository\org\apache\commons\commons-lang3\3.9\commons-lang3-3.9.jar;C:\Users\Aleksandr\.m2\repository\org\apache\commons\commons-text\1.7\commons-text-1.7.jar;C:\Users\Aleksandr\.m2\repository\commons-beanutils\commons-beanutils\1.9.4\commons-beanutils-1.9.4.jar;C:\Users\Aleksandr\.m2\repository\commons-logging\commons-logging\1.2\commons-logging-1.2.jar;C:\Users\Aleksandr\.m2\repository\commons-collections\commons-collections\3.2.2\commons-collections-3.2.2.jar;C:\Users\Aleksandr\.m2\repository\org\apache\commons\commons-collections4\4.4\commons-collections4-4.4.jar;C:\Users\Aleksandr\.m2\repository\commons-io\commons-io\2.6\commons-io-2.6.jar;C:\Users\Aleksandr\.m2\repository\org\slf4j\slf4j-simple\1.6.1\slf4j-simple-1.6.1.jar;C:\Users\Aleksandr\.m2\repository\org\slf4j\slf4j-api\1.6.1\slf4j-api-1.6.1.jar;C:\Users\Aleksandr\.m2\repository\io\qameta\allure\allure-testng\2.6.0\allure-testng-2.6.0.jar;C:\Users\Aleksandr\.m2\repository\io\qameta\allure\allure-descriptions-javadoc\2.6.0\allure-descriptions-javadoc-2.6.0.jar;C:\Users\Aleksandr\.m2\repository\io\qameta\allure\allure-java-commons\2.6.0\allure-java-commons-2.6.0.jar;C:\Users\Aleksandr\.m2\repository\io\qameta\allure\allure2-model-api\1.0-BETA6\allure2-model-api-1.0-BETA6.jar;C:\Users\Aleksandr\.m2\repository\io\qameta\allure\allure2-model-pojo\1.0-BETA6\allure2-model-pojo-1.0-BETA6.jar;C:\Users\Aleksandr\.m2\repository\org\apache\tika\tika-core\1.14\tika-core-1.14.jar;C:\Users\Aleksandr\.m2\repository\io\qameta\allure\allure2-model-jackson\1.0-BETA6\allure2-model-jackson-1.0-BETA6.jar;C:\Users\Aleksandr\.m2\repository\com\fasterxml\jackson\core\jackson-databind\2.7.0\jackson-databind-2.7.0.jar;C:\Users\Aleksandr\.m2\repository\com\fasterxml\jackson\core\jackson-annotations\2.7.0\jackson-annotations-2.7.0.jar;C:\Users\Aleksandr\.m2\repository\com\fasterxml\jackson\core\jackson-core\2.7.0\jackson-core-2.7.0.jar;C:\Users\Aleksandr\.m2\repository\com\fasterxml\jackson\module\jackson-module-jaxb-annotations\2.7.0\jackson-module-jaxb-annotations-2.7.0.jar;C:\Users\Aleksandr\.m2\repository\org\aspectj\aspectjrt\1.8.10\aspectjrt-1.8.10.jar;C:\Users\Aleksandr\.m2\repository\org\jooq\joor\0.9.6\joor-0.9.6.jar;C:\Users\Aleksandr\.m2\repository\org\apache\maven\surefire\surefire-testng-utils\2.20.1\surefire-testng-utils-2.20.1.jar;C:\Users\Aleksandr\.m2\repository\org\apache\maven\surefire\surefire-grouper\2.20.1\surefire-grouper-2.20.1.jar;"/>
    <property name="sun.cpu.endian" value="little"/>
    <property name="allure.results.directory" value="C:\AND\testIssue\target/allure-results"/>
    <property name="user.home" value="C:\Users\Aleksandr"/>
    <property name="user.language" value="en"/>
    <property name="java.specification.vendor" value="Oracle Corporation"/>
    <property name="java.home" value="C:\Program Files\Java\jdk1.8.0_221\jre"/>
    <property name="basedir" value="C:\AND\testIssue"/>
    <property name="file.separator" value="\"/>
    <property name="line.separator" value="&#10;"/>
    <property name="java.vm.specification.vendor" value="Oracle Corporation"/>
    <property name="java.specification.name" value="Java Platform API Specification"/>
    <property name="java.awt.graphicsenv" value="sun.awt.Win32GraphicsEnvironment"/>
    <property name="sun.boot.class.path" value="C:\Program Files\Java\jdk1.8.0_221\jre\lib\resources.jar;C:\Program Files\Java\jdk1.8.0_221\jre\lib\rt.jar;C:\Program Files\Java\jdk1.8.0_221\jre\lib\sunrsasign.jar;C:\Program Files\Java\jdk1.8.0_221\jre\lib\jsse.jar;C:\Program Files\Java\jdk1.8.0_221\jre\lib\jce.jar;C:\Program Files\Java\jdk1.8.0_221\jre\lib\charsets.jar;C:\Program Files\Java\jdk1.8.0_221\jre\lib\jfr.jar;C:\Program Files\Java\jdk1.8.0_221\jre\classes"/>
    <property name="user.script" value=""/>
    <property name="sun.management.compiler" value="HotSpot 64-Bit Tiered Compilers"/>
    <property name="java.runtime.version" value="1.8.0_221-b11"/>
    <property name="user.name" value="Aleksandr"/>
    <property name="path.separator" value=";"/>
    <property name="os.version" value="10.0"/>
    <property name="java.endorsed.dirs" value="C:\Program Files\Java\jdk1.8.0_221\jre\lib\endorsed"/>
    <property name="java.runtime.name" value="Java(TM) SE Runtime Environment"/>
    <property name="file.encoding" value="Cp1251"/>
    <property name="java.vm.name" value="Java HotSpot(TM) 64-Bit Server VM"/>
    <property name="idea.version2020.1" value="true"/>
    <property name="localRepository" value="C:\Users\Aleksandr\.m2\repository"/>
    <property name="java.vendor.url.bug" value="http://bugreport.sun.com/bugreport/"/>
    <property name="java.io.tmpdir" value="C:\Users\ALEKSA~1\AppData\Local\Temp\"/>
    <property name="java.version" value="1.8.0_221"/>
    <property name="user.dir" value="C:\AND\testIssue"/>
    <property name="os.arch" value="amd64"/>
    <property name="java.vm.specification.name" value="Java Virtual Machine Specification"/>
    <property name="java.awt.printerjob" value="sun.awt.windows.WPrinterJob"/>
    <property name="sun.os.patch.level" value=""/>
    <property name="java.library.path" value="C:\Program Files\Java\jdk1.8.0_221\jre\bin;C:\WINDOWS\Sun\Java\bin;C:\WINDOWS\system32;C:\WINDOWS;C:\Python382\Scripts\;C:\Python382\;C:\Program Files (x86)\Common Files\Oracle\Java\javapath;C:\WINDOWS\system32;C:\WINDOWS;C:\WINDOWS\System32\Wbem;C:\WINDOWS\System32\WindowsPowerShell\v1.0\;C:\Program Files\Microsoft DNX\Dnvm\;C:\Program Files (x86)\GtkSharp\2.12\bin;C:\Program Files\dotnet\;C:\Program Files\Common Files\Autodesk Shared\;C:\Program Files (x86)\Autodesk\Backburner\;C:\NVPACK\gradle-2.9\bin;C:\NVPACK\apache-ant-1.8.2\bin;C:\NVPACK\jdk1.8.0_77\bin;C:\NVPACK\android-ndk-r12b;C:\NVPACK\android-sdk-windows\extras\android\support;C:\NVPACK\android-sdk-windows\build-tools;C:\NVPACK\android-sdk-windows\platform-tools;C:\NVPACK\android-sdk-windows\tools;C:\adb;C:\WINDOWS\System32\OpenSSH\;C:\Program Files\Git\cmd;C:\Program Files\TortoiseGit\bin;C:\Program Files\Java\jdk1.8.0_221\bin;c:\Maven\bin\;c:\jython2.7.1\bin\;c:\Program Files\Java\apache-zookeeper-3.5.6-bin\bin\;C:\Program Files (x86)\NVIDIA Corporation\PhysX\Common;C:\WINDOWS\system32;C:\WINDOWS;C:\WINDOWS\System32\Wbem;C:\WINDOWS\System32\WindowsPowerShell\v1.0\;C:\WINDOWS\System32\OpenSSH\;C:\Program Files\Docker\Docker\resources\bin;C:\ProgramData\DockerDesktop\version-bin;C:\Program Files\nodejs\;C:\ProgramData\chocolatey\bin;C:\Program Files\JetBrains\PyCharm 2020.1\bin;C:\Program Files\JetBrains\IntelliJ IDEA 2020.1\bin;c:\Program Files\Git\bin\;C:\Python382;C:\Users\Aleksandr\AppData\Local\Programs\Microsoft VS Code\bin;C:\Program Files\JetBrains\WebStorm 2020.1.1\bin;;."/>
    <property name="java.vm.info" value="mixed mode"/>
    <property name="java.vendor" value="Oracle Corporation"/>
    <property name="java.vm.version" value="25.221-b11"/>
    <property name="java.ext.dirs" value="C:\Program Files\Java\jdk1.8.0_221\jre\lib\ext;C:\WINDOWS\Sun\Java\lib\ext"/>
    <property name="sun.io.unicode.encoding" value="UnicodeLittle"/>
    <property name="java.class.version" value="52.0"/>
  </properties>
  <testcase name="negativeLogInTest" classname="org.thetestingmap.testingchallenges.challenge_1.NegativeFirstNameTest" time="0.331"/>
  <testcase name="negativeLogInTest" classname="org.thetestingmap.testingchallenges.challenge_1.NegativeFirstNameTest" time="1.094"/>
  <testcase name="negativeLogInTest" classname="org.thetestingmap.testingchallenges.challenge_1.NegativeFirstNameTest" time="1.008"/>
  <testcase name="negativeLogInTest" classname="org.thetestingmap.testingchallenges.challenge_1.NegativeFirstNameTest" time="0.987"/>
  <testcase name="negativeLogInTest" classname="org.thetestingmap.testingchallenges.challenge_1.NegativeFirstNameTest" time="0.915"/>
  <testcase name="negativeLogInTest" classname="org.thetestingmap.testingchallenges.challenge_1.NegativeFirstNameTest" time="0.952"/>
  <testcase name="negativeLogInTest" classname="org.thetestingmap.testingchallenges.challenge_1.NegativeFirstNameTest" time="0.894"/>
  <testcase name="negativeLogInTest" classname="org.thetestingmap.testingchallenges.challenge_1.NegativeFirstNameTest" time="0.933"/>
  <testcase name="negativeLogInTest" classname="org.thetestingmap.testingchallenges.challenge_1.NegativeFirstNameTest" time="0.92"/>
  <testcase name="negativeLogInTest" classname="org.thetestingmap.testingchallenges.challenge_1.NegativeFirstNameTest" time="1.036"/>
  <testcase name="negativeLogInTest" classname="org.thetestingmap.testingchallenges.challenge_1.NegativeFirstNameTest" time="0.89"/>
  <testcase name="negativeLogInTest" classname="org.thetestingmap.testingchallenges.challenge_1.NegativeFirstNameTest" time="1.08"/>
  <testcase name="negativeLogInTest" classname="org.thetestingmap.testingchallenges.challenge_1.NegativeFirstNameTest" time="1.01"/>
  <testcase name="negativeLogInTest" classname="org.thetestingmap.testingchallenges.challenge_1.NegativeFirstNameTest" time="1.083"/>
  <testcase name="negativeLogInTest" classname="org.thetestingmap.testingchallenges.challenge_1.NegativeFirstNameTest" time="0.892"/>
  <testcase name="negativeLogInTest" classname="org.thetestingmap.testingchallenges.challenge_1.NegativeFirstNameTest" time="0.782"/>
  <testcase name="negativeLogInTest" classname="org.thetestingmap.testingchallenges.challenge_1.NegativeFirstNameTest" time="1.03"/>
  <testcase name="negativeLogInTest" classname="org.thetestingmap.testingchallenges.challenge_1.NegativeFirstNameTest" time="0.983"/>
  <testcase name="negativeLogInTest" classname="org.thetestingmap.testingchallenges.challenge_1.NegativeFirstNameTest" time="1.053"/>
  <testcase name="negativeLogInTest" classname="org.thetestingmap.testingchallenges.challenge_1.NegativeFirstNameTest" time="1.079"/>
  <testcase name="negativeLogInTest" classname="org.thetestingmap.testingchallenges.challenge_1.NegativeFirstNameTest" time="1.138"/>
  <testcase name="negativeLogInTest" classname="org.thetestingmap.testingchallenges.challenge_1.NegativeFirstNameTest" time="1.032"/>
  <testcase name="negativeLogInTest" classname="org.thetestingmap.testingchallenges.challenge_1.NegativeFirstNameTest" time="1.045"/>
  <testcase name="negativeLogInTest" classname="org.thetestingmap.testingchallenges.challenge_1.NegativeFirstNameTest" time="1.055"/>
  <testcase name="negativeLogInTest" classname="org.thetestingmap.testingchallenges.challenge_1.NegativeFirstNameTest" time="1.228"/>
  <testcase name="negativeLogInTest" classname="org.thetestingmap.testingchallenges.challenge_1.NegativeFirstNameTest" time="1.096"/>
  <testcase name="negativeLogInTest" classname="org.thetestingmap.testingchallenges.challenge_1.NegativeFirstNameTest" time="1.145"/>
  <testcase name="negativeLogInTest" classname="org.thetestingmap.testingchallenges.challenge_1.NegativeFirstNameTest" time="0.929"/>
  <testcase name="negativeLogInTest" classname="org.thetestingmap.testingchallenges.challenge_1.NegativeFirstNameTest" time="1.222"/>
  <testcase name="negativeLogInTest" classname="org.thetestingmap.testingchallenges.challenge_1.NegativeFirstNameTest" time="1.234"/>
  <testcase name="negativeLogInTest" classname="org.thetestingmap.testingchallenges.challenge_1.NegativeFirstNameTest" time="1.099"/>
  <testcase name="negativeLogInTest" classname="org.thetestingmap.testingchallenges.challenge_1.NegativeFirstNameTest" time="1.117"/>
  <testcase name="negativeLogInTest" classname="org.thetestingmap.testingchallenges.challenge_1.NegativeFirstNameTest" time="0.987"/>
  <testcase name="negativeLogInTest" classname="org.thetestingmap.testingchallenges.challenge_1.NegativeFirstNameTest" time="0.92"/>
  <testcase name="negativeLogInTest" classname="org.thetestingmap.testingchallenges.challenge_1.NegativeFirstNameTest" time="1.049"/>
  <testcase name="negativeLogInTest" classname="org.thetestingmap.testingchallenges.challenge_1.NegativeFirstNameTest" time="0.956"/>
</testsuite>