<?xml version="1.0" encoding="UTF-8"?>
<!-- Generated by org.testng.reporters.JUnitReportReporter -->
<testsuite skipped="0" hostname="DESKTOP-8H0MF42" name="org.thetestingmap.testingchallenges.challenge_1.NegativeFirstNameTest" tests="20" failures="0" timestamp="2020-06-13T23:34:35 MSK" time="137.572" errors="1">
  <testcase name="gettingAdminRootsTest" time="10.992" classname="org.thetestingmap.testingchallenges.challenge_1.NegativeFirstNameTest">
    <error type="org.openqa.selenium.TimeoutException" message="Expected condition failed: waiting for visibility of element located by By.xpath: //input[@name=&#039;user_right_as_admin&#039;] (tried for 5 second(s) with 500 milliseconds interval)
Build info: version: &#039;3.141.59&#039;, revision: &#039;e82be7d358&#039;, time: &#039;2018-11-14T08:17:03&#039;
System info: host: &#039;DESKTOP-8H0MF42&#039;, ip: &#039;192.168.100.42&#039;, os.name: &#039;Windows 10&#039;, os.arch: &#039;amd64&#039;, os.version: &#039;10.0&#039;, java.version: &#039;1.8.0_221&#039;
Driver info: org.openqa.selenium.remote.RemoteWebDriver
Capabilities {acceptInsecureCerts: false, browserName: chrome, browserVersion: 83.0.4103.97, chrome: {chromedriverVersion: 83.0.4103.39 (ccbf011cb2d2b..., userDataDir: C:\Users\ALEKSA~1\AppData\L...}, goog:chromeOptions: {debuggerAddress: localhost:63105}, javascriptEnabled: true, networkConnectionEnabled: false, pageLoadStrategy: normal, platform: WINDOWS, platformName: WINDOWS, proxy: Proxy(), setWindowRect: true, strictFileInteractability: false, timeouts: {implicit: 0, pageLoad: 300000, script: 30000}, unhandledPromptBehavior: dismiss and notify, webauthn:virtualAuthenticators: true, webdriver.remote.sessionid: 1d1363a1a624d89a6b0b3cd7ec8...}
Session ID: 1d1363a1a624d89a6b0b3cd7ec8a9b46">
      <![CDATA[org.openqa.selenium.TimeoutException: Expected condition failed: waiting for visibility of element located by By.xpath: //input[@name='user_right_as_admin'] (tried for 5 second(s) with 500 milliseconds interval)
Build info: version: '3.141.59', revision: 'e82be7d358', time: '2018-11-14T08:17:03'
System info: host: 'DESKTOP-8H0MF42', ip: '192.168.100.42', os.name: 'Windows 10', os.arch: 'amd64', os.version: '10.0', java.version: '1.8.0_221'
Driver info: org.openqa.selenium.remote.RemoteWebDriver
Capabilities {acceptInsecureCerts: false, browserName: chrome, browserVersion: 83.0.4103.97, chrome: {chromedriverVersion: 83.0.4103.39 (ccbf011cb2d2b..., userDataDir: C:\Users\ALEKSA~1\AppData\L...}, goog:chromeOptions: {debuggerAddress: localhost:63105}, javascriptEnabled: true, networkConnectionEnabled: false, pageLoadStrategy: normal, platform: WINDOWS, platformName: WINDOWS, proxy: Proxy(), setWindowRect: true, strictFileInteractability: false, timeouts: {implicit: 0, pageLoad: 300000, script: 30000}, unhandledPromptBehavior: dismiss and notify, webauthn:virtualAuthenticators: true, webdriver.remote.sessionid: 1d1363a1a624d89a6b0b3cd7ec8...}
Session ID: 1d1363a1a624d89a6b0b3cd7ec8a9b46
at org.openqa.selenium.support.ui.WebDriverWait.timeoutException(WebDriverWait.java:95)
at org.openqa.selenium.support.ui.FluentWait.until(FluentWait.java:272)
at org.thetestingmap.testingchallenges.pages.BasePage.find_aroundBody2(BasePage.java:40)
at org.thetestingmap.testingchallenges.pages.BasePage$AjcClosure3.run(BasePage.java:1)
at org.aspectj.runtime.reflect.JoinPointImpl.proceed(JoinPointImpl.java:149)
at io.qameta.allure.aspects.StepsAspects.step(StepsAspects.java:51)
at org.thetestingmap.testingchallenges.pages.BasePage.find(BasePage.java:38)
at org.thetestingmap.testingchallenges.pages.Challenge1Page.changeAttributeValueByClassName_aroundBody4(Challenge1Page.java:43)
at org.thetestingmap.testingchallenges.pages.Challenge1Page$AjcClosure5.run(Challenge1Page.java:1)
at org.aspectj.runtime.reflect.JoinPointImpl.proceed(JoinPointImpl.java:149)
at io.qameta.allure.aspects.StepsAspects.step(StepsAspects.java:51)
at org.thetestingmap.testingchallenges.pages.Challenge1Page.changeAttributeValueByClassName(Challenge1Page.java:39)
at org.thetestingmap.testingchallenges.challenge_1.NegativeFirstNameTest.gettingAdminRootsTest(NegativeFirstNameTest.java:39)
at sun.reflect.NativeMethodAccessorImpl.invoke0(Native Method)
at sun.reflect.NativeMethodAccessorImpl.invoke(NativeMethodAccessorImpl.java:62)
at sun.reflect.DelegatingMethodAccessorImpl.invoke(DelegatingMethodAccessorImpl.java:43)
at java.lang.reflect.Method.invoke(Method.java:498)
at org.testng.internal.MethodInvocationHelper.invokeMethod(MethodInvocationHelper.java:133)
at org.testng.internal.TestInvoker.invokeMethod(TestInvoker.java:584)
at org.testng.internal.TestInvoker.invokeTestMethod(TestInvoker.java:172)
at org.testng.internal.MethodRunner.runInSequence(MethodRunner.java:46)
at org.testng.internal.TestInvoker$MethodInvocationAgent.invoke(TestInvoker.java:804)
at org.testng.internal.TestInvoker.invokeTestMethods(TestInvoker.java:145)
at org.testng.internal.TestMethodWorker.invokeTestMethods(TestMethodWorker.java:146)
at org.testng.internal.TestMethodWorker.run(TestMethodWorker.java:128)
at java.util.ArrayList.forEach(ArrayList.java:1257)
at org.testng.TestRunner.privateRun(TestRunner.java:770)
at org.testng.TestRunner.run(TestRunner.java:591)
at org.testng.SuiteRunner.runTest(SuiteRunner.java:402)
at org.testng.SuiteRunner.access$000(SuiteRunner.java:41)
at org.testng.SuiteRunner$SuiteWorker.run(SuiteRunner.java:443)
at org.testng.internal.thread.ThreadUtil.lambda$execute$0(ThreadUtil.java:67)
at java.util.concurrent.FutureTask.run(FutureTask.java:266)
at java.util.concurrent.ThreadPoolExecutor.runWorker(ThreadPoolExecutor.java:1149)
at java.util.concurrent.ThreadPoolExecutor$Worker.run(ThreadPoolExecutor.java:624)
at java.lang.Thread.run(Thread.java:748)
]]>
    </error>
  </testcase> <!-- gettingAdminRootsTest -->
  <testcase name="negativeLogInTest" time="6.650" classname="org.thetestingmap.testingchallenges.challenge_1.NegativeFirstNameTest"/>
  <testcase name="negativeLogInTest" time="6.553" classname="org.thetestingmap.testingchallenges.challenge_1.NegativeFirstNameTest"/>
  <testcase name="negativeLogInTest" time="6.454" classname="org.thetestingmap.testingchallenges.challenge_1.NegativeFirstNameTest"/>
  <testcase name="negativeLogInTest" time="6.328" classname="org.thetestingmap.testingchallenges.challenge_1.NegativeFirstNameTest"/>
  <testcase name="negativeLogInTest" time="6.691" classname="org.thetestingmap.testingchallenges.challenge_1.NegativeFirstNameTest"/>
  <testcase name="negativeLogInTest" time="6.500" classname="org.thetestingmap.testingchallenges.challenge_1.NegativeFirstNameTest"/>
  <testcase name="negativeLogInTest" time="6.477" classname="org.thetestingmap.testingchallenges.challenge_1.NegativeFirstNameTest"/>
  <testcase name="negativeLogInTest" time="6.421" classname="org.thetestingmap.testingchallenges.challenge_1.NegativeFirstNameTest"/>
  <testcase name="negativeLogInTest" time="6.386" classname="org.thetestingmap.testingchallenges.challenge_1.NegativeFirstNameTest"/>
  <testcase name="negativeLogInTest" time="6.422" classname="org.thetestingmap.testingchallenges.challenge_1.NegativeFirstNameTest"/>
  <testcase name="negativeLogInTest" time="6.604" classname="org.thetestingmap.testingchallenges.challenge_1.NegativeFirstNameTest"/>
  <testcase name="negativeLogInTest" time="6.772" classname="org.thetestingmap.testingchallenges.challenge_1.NegativeFirstNameTest"/>
  <testcase name="negativeLogInTest" time="6.462" classname="org.thetestingmap.testingchallenges.challenge_1.NegativeFirstNameTest"/>
  <testcase name="negativeLogInTest" time="6.409" classname="org.thetestingmap.testingchallenges.challenge_1.NegativeFirstNameTest"/>
  <testcase name="negativeLogInTest" time="9.346" classname="org.thetestingmap.testingchallenges.challenge_1.NegativeFirstNameTest"/>
  <testcase name="negativeLogInTest" time="6.715" classname="org.thetestingmap.testingchallenges.challenge_1.NegativeFirstNameTest"/>
  <testcase name="negativeLogInTest" time="6.433" classname="org.thetestingmap.testingchallenges.challenge_1.NegativeFirstNameTest"/>
  <testcase name="negativeLogInTest" time="6.501" classname="org.thetestingmap.testingchallenges.challenge_1.NegativeFirstNameTest"/>
  <testcase name="negativeLogInTest" time="6.456" classname="org.thetestingmap.testingchallenges.challenge_1.NegativeFirstNameTest"/>
</testsuite> <!-- org.thetestingmap.testingchallenges.challenge_1.NegativeFirstNameTest -->
