<?xml version="1.0" encoding="UTF-8"?>
<!-- Generated by org.testng.reporters.JUnitReportReporter -->
<testsuite skipped="0" hostname="DESKTOP-8H0MF42" name="org.thetestingmap.testingchallenges.challenge_1.NegativeFirstNameTest" tests="18" failures="0" timestamp="2020-06-13T16:21:57 MSK" time="127.834" errors="0">
  <testcase name="negativeLogInTest" time="7.979" classname="org.thetestingmap.testingchallenges.challenge_1.NegativeFirstNameTest"/>
  <testcase name="negativeLogInTest" time="6.801" classname="org.thetestingmap.testingchallenges.challenge_1.NegativeFirstNameTest"/>
  <testcase name="negativeLogInTest" time="7.835" classname="org.thetestingmap.testingchallenges.challenge_1.NegativeFirstNameTest"/>
  <testcase name="negativeLogInTest" time="6.988" classname="org.thetestingmap.testingchallenges.challenge_1.NegativeFirstNameTest"/>
  <testcase name="negativeLogInTest" time="6.977" classname="org.thetestingmap.testingchallenges.challenge_1.NegativeFirstNameTest"/>
  <testcase name="negativeLogInTest" time="7.310" classname="org.thetestingmap.testingchallenges.challenge_1.NegativeFirstNameTest"/>
  <testcase name="negativeLogInTest" time="6.908" classname="org.thetestingmap.testingchallenges.challenge_1.NegativeFirstNameTest"/>
  <testcase name="negativeLogInTest" time="6.976" classname="org.thetestingmap.testingchallenges.challenge_1.NegativeFirstNameTest"/>
  <testcase name="negativeLogInTest" time="6.511" classname="org.thetestingmap.testingchallenges.challenge_1.NegativeFirstNameTest"/>
  <testcase name="negativeLogInTest" time="6.963" classname="org.thetestingmap.testingchallenges.challenge_1.NegativeFirstNameTest"/>
  <testcase name="negativeLogInTest" time="7.052" classname="org.thetestingmap.testingchallenges.challenge_1.NegativeFirstNameTest"/>
  <testcase name="negativeLogInTest" time="8.174" classname="org.thetestingmap.testingchallenges.challenge_1.NegativeFirstNameTest"/>
  <testcase name="negativeLogInTest" time="7.182" classname="org.thetestingmap.testingchallenges.challenge_1.NegativeFirstNameTest"/>
  <testcase name="negativeLogInTest" time="6.795" classname="org.thetestingmap.testingchallenges.challenge_1.NegativeFirstNameTest"/>
  <testcase name="negativeLogInTest" time="6.529" classname="org.thetestingmap.testingchallenges.challenge_1.NegativeFirstNameTest"/>
  <testcase name="negativeLogInTest" time="6.852" classname="org.thetestingmap.testingchallenges.challenge_1.NegativeFirstNameTest"/>
  <testcase name="negativeLogInTest" time="6.946" classname="org.thetestingmap.testingchallenges.challenge_1.NegativeFirstNameTest"/>
  <testcase name="negativeLogInTest" time="7.056" classname="org.thetestingmap.testingchallenges.challenge_1.NegativeFirstNameTest"/>
</testsuite> <!-- org.thetestingmap.testingchallenges.challenge_1.NegativeFirstNameTest -->
